# JRE version: OpenJDK Runtime Environment Temurin-21.0.9+10 (21.0.9+10) (build 21.0.9+10-LTS)
# Java VM: OpenJDK 64-Bit Server VM Temurin-21.0.9+10 (21.0.9+10-LTS, mixed mode, sharing, tiered, compressed oops, compressed class ptrs, parallel gc, windows-amd64)
GC Precious Log:
 CardTable entry size: 512
 CPUs: 12 total, 12 available
 Memory: 15591M
 Large Page Support: Disabled
 NUMA Support: Disabled
 Compressed Oops: Enabled (32-bit)
 Alignments: Space 512K, Generation 512K, Heap 2M
 Heap Min Capacity: 100M
 Heap Initial Capacity: 100M
 Heap Max Capacity: 2G
 Pre-touch: Disabled
 Parallel Workers: 10
Heap:
 PSYoungGen      total 14336K, used 13470K [0x00000000d5580000, 0x00000000d6580000, 0x0000000100000000)
  eden space 12288K, 97% used [0x00000000d5580000,0x00000000d613f9b0,0x00000000d6180000)
  from space 2048K, 70% used [0x00000000d6380000,0x00000000d64e8010,0x00000000d6580000)
  to   space 2048K, 0% used [0x00000000d6180000,0x00000000d6180000,0x00000000d6380000)
 ParOldGen       total 1256448K, used 1256368K [0x0000000080000000, 0x00000000ccb00000, 0x00000000d5580000)
  object space 1256448K, 99% used [0x0000000080000000,0x00000000ccaec3f8,0x00000000ccb00000)
 Metaspace       used 90577K, committed 92544K, reserved 1179648K
  class space    used 9137K, committed 10048K, reserved 1048576K
GC Heap History (20 events):
Event: 12148.393 GC heap before
{Heap before GC invocations=2197 (full 6):
 PSYoungGen      total 15360K, used 15040K [0x00000000d5580000, 0x00000000d6580000, 0x0000000100000000)
  eden space 14336K, 100% used [0x00000000d5580000,0x00000000d6380000,0x00000000d6380000)
  from space 1024K, 68% used [0x00000000d6380000,0x00000000d6430000,0x00000000d6480000)
  to   space 1024K, 0% used [0x00000000d6480000,0x00000000d6480000,0x00000000d6580000)
 ParOldGen       total 1247744K, used 1247347K [0x0000000080000000, 0x00000000cc280000, 0x00000000d5580000)
  object space 1247744K, 99% used [0x0000000080000000,0x00000000cc21cd78,0x00000000cc280000)
 Metaspace       used 90418K, committed 92352K, reserved 1179648K
  class space    used 9128K, committed 10048K, reserved 1048576K
}
Event: 12148.396 GC heap after
{Heap after GC invocations=2197 (full 6):
 PSYoungGen      total 14848K, used 352K [0x00000000d5580000, 0x00000000d6500000, 0x0000000100000000)
  eden space 14336K, 0% used [0x00000000d5580000,0x00000000d5580000,0x00000000d6380000)
  from space 512K, 68% used [0x00000000d6480000,0x00000000d64d8000,0x00000000d6500000)
  to   space 512K, 0% used [0x00000000d6400000,0x00000000d6400000,0x00000000d6480000)
 ParOldGen       total 1248256K, used 1247987K [0x0000000080000000, 0x00000000cc300000, 0x00000000d5580000)
  object space 1248256K, 99% used [0x0000000080000000,0x00000000cc2bcd88,0x00000000cc300000)
 Metaspace       used 90418K, committed 92352K, reserved 1179648K
  class space    used 9128K, committed 10048K, reserved 1048576K
}
Event: 12148.460 GC heap before
{Heap before GC invocations=2198 (full 6):
 PSYoungGen      total 14848K, used 14684K [0x00000000d5580000, 0x00000000d6500000, 0x0000000100000000)
  eden space 14336K, 99% used [0x00000000d5580000,0x00000000d637f3f0,0x00000000d6380000)
  from space 512K, 68% used [0x00000000d6480000,0x00000000d64d8000,0x00000000d6500000)
  to   space 512K, 0% used [0x00000000d6400000,0x00000000d6400000,0x00000000d6480000)
 ParOldGen       total 1248256K, used 1247987K [0x0000000080000000, 0x00000000cc300000, 0x00000000d5580000)
  object space 1248256K, 99% used [0x0000000080000000,0x00000000cc2bcd88,0x00000000cc300000)
 Metaspace       used 90420K, committed 92352K, reserved 1179648K
  class space    used 9128K, committed 10048K, reserved 1048576K
}
Event: 12148.462 GC heap after
{Heap after GC invocations=2198 (full 6):
 PSYoungGen      total 14848K, used 501K [0x00000000d5580000, 0x00000000d6580000, 0x0000000100000000)
  eden space 14336K, 0% used [0x00000000d5580000,0x00000000d5580000,0x00000000d6380000)
  from space 512K, 97% used [0x00000000d6400000,0x00000000d647d708,0x00000000d6480000)
  to   space 1024K, 0% used [0x00000000d6480000,0x00000000d6480000,0x00000000d6580000)
 ParOldGen       total 1248256K, used 1248235K [0x0000000080000000, 0x00000000cc300000, 0x00000000d5580000)
  object space 1248256K, 99% used [0x0000000080000000,0x00000000cc2fad88,0x00000000cc300000)
 Metaspace       used 90420K, committed 92352K, reserved 1179648K
  class space    used 9128K, committed 10048K, reserved 1048576K
}
Event: 12148.900 GC heap before
{Heap before GC invocations=2199 (full 6):
 PSYoungGen      total 14848K, used 14837K [0x00000000d5580000, 0x00000000d6580000, 0x0000000100000000)
  eden space 14336K, 100% used [0x00000000d5580000,0x00000000d6380000,0x00000000d6380000)
  from space 512K, 97% used [0x00000000d6400000,0x00000000d647d708,0x00000000d6480000)
  to   space 1024K, 0% used [0x00000000d6480000,0x00000000d6480000,0x00000000d6580000)
 ParOldGen       total 1248256K, used 1248235K [0x0000000080000000, 0x00000000cc300000, 0x00000000d5580000)
  object space 1248256K, 99% used [0x0000000080000000,0x00000000cc2fad88,0x00000000cc300000)
 Metaspace       used 90420K, committed 92352K, reserved 1179648K
  class space    used 9128K, committed 10048K, reserved 1048576K
}
Event: 12148.903 GC heap after
{Heap after GC invocations=2199 (full 6):
 PSYoungGen      total 15360K, used 480K [0x00000000d5580000, 0x00000000d6580000, 0x0000000100000000)
  eden space 14336K, 0% used [0x00000000d5580000,0x00000000d5580000,0x00000000d6380000)
  from space 1024K, 46% used [0x00000000d6480000,0x00000000d64f8000,0x00000000d6580000)
  to   space 1024K, 0% used [0x00000000d6380000,0x00000000d6380000,0x00000000d6480000)
 ParOldGen       total 1248768K, used 1248419K [0x0000000080000000, 0x00000000cc380000, 0x00000000d5580000)
  object space 1248768K, 99% used [0x0000000080000000,0x00000000cc328d98,0x00000000cc380000)
 Metaspace       used 90420K, committed 92352K, reserved 1179648K
  class space    used 9128K, committed 10048K, reserved 1048576K
}
Event: 12149.499 GC heap before
{Heap before GC invocations=2200 (full 6):
 PSYoungGen      total 15360K, used 14816K [0x00000000d5580000, 0x00000000d6580000, 0x0000000100000000)
  eden space 14336K, 100% used [0x00000000d5580000,0x00000000d6380000,0x00000000d6380000)
  from space 1024K, 46% used [0x00000000d6480000,0x00000000d64f8000,0x00000000d6580000)
  to   space 1024K, 0% used [0x00000000d6380000,0x00000000d6380000,0x00000000d6480000)
 ParOldGen       total 1248768K, used 1248419K [0x0000000080000000, 0x00000000cc380000, 0x00000000d5580000)
  object space 1248768K, 99% used [0x0000000080000000,0x00000000cc328d98,0x00000000cc380000)
 Metaspace       used 90434K, committed 92352K, reserved 1179648K
  class space    used 9128K, committed 10048K, reserved 1048576K
}
Event: 12149.503 GC heap after
{Heap after GC invocations=2200 (full 6):
 PSYoungGen      total 15360K, used 320K [0x00000000d5580000, 0x00000000d6500000, 0x0000000100000000)
  eden space 14336K, 0% used [0x00000000d5580000,0x00000000d5580000,0x00000000d6380000)
  from space 1024K, 31% used [0x00000000d6380000,0x00000000d63d0000,0x00000000d6480000)
  to   space 512K, 0% used [0x00000000d6480000,0x00000000d6480000,0x00000000d6500000)
 ParOldGen       total 1248768K, used 1248619K [0x0000000080000000, 0x00000000cc380000, 0x00000000d5580000)
  object space 1248768K, 99% used [0x0000000080000000,0x00000000cc35ad98,0x00000000cc380000)
 Metaspace       used 90434K, committed 92352K, reserved 1179648K
  class space    used 9128K, committed 10048K, reserved 1048576K
}
Event: 12167.429 GC heap before
{Heap before GC invocations=2201 (full 6):
 PSYoungGen      total 15360K, used 14656K [0x00000000d5580000, 0x00000000d6500000, 0x0000000100000000)
  eden space 14336K, 100% used [0x00000000d5580000,0x00000000d6380000,0x00000000d6380000)
  from space 1024K, 31% used [0x00000000d6380000,0x00000000d63d0000,0x00000000d6480000)
  to   space 512K, 0% used [0x00000000d6480000,0x00000000d6480000,0x00000000d6500000)
 ParOldGen       total 1248768K, used 1248619K [0x0000000080000000, 0x00000000cc380000, 0x00000000d5580000)
  object space 1248768K, 99% used [0x0000000080000000,0x00000000cc35ad98,0x00000000cc380000)
 Metaspace       used 90470K, committed 92416K, reserved 1179648K
  class space    used 9128K, committed 10048K, reserved 1048576K
}
Event: 12169.456 GC heap after
{Heap after GC invocations=2201 (full 6):
 PSYoungGen      total 13824K, used 486K [0x00000000d5580000, 0x00000000d6780000, 0x0000000100000000)
  eden space 13312K, 0% used [0x00000000d5580000,0x00000000d5580000,0x00000000d6280000)
  from space 512K, 95% used [0x00000000d6480000,0x00000000d64f9b10,0x00000000d6500000)
  to   space 2048K, 0% used [0x00000000d6280000,0x00000000d6280000,0x00000000d6480000)
 ParOldGen       total 1249792K, used 1249539K [0x0000000080000000, 0x00000000cc480000, 0x00000000d5580000)
  object space 1249792K, 99% used [0x0000000080000000,0x00000000cc440dd8,0x00000000cc480000)
 Metaspace       used 90470K, committed 92416K, reserved 1179648K
  class space    used 9128K, committed 10048K, reserved 1048576K
}
Event: 12169.611 GC heap before
{Heap before GC invocations=2202 (full 6):
 PSYoungGen      total 13824K, used 13795K [0x00000000d5580000, 0x00000000d6780000, 0x0000000100000000)
  eden space 13312K, 99% used [0x00000000d5580000,0x00000000d627f250,0x00000000d6280000)
  from space 512K, 95% used [0x00000000d6480000,0x00000000d64f9b10,0x00000000d6500000)
  to   space 2048K, 0% used [0x00000000d6280000,0x00000000d6280000,0x00000000d6480000)
 ParOldGen       total 1249792K, used 1249539K [0x0000000080000000, 0x00000000cc480000, 0x00000000d5580000)
  object space 1249792K, 99% used [0x0000000080000000,0x00000000cc440dd8,0x00000000cc480000)
 Metaspace       used 90470K, committed 92416K, reserved 1179648K
  class space    used 9128K, committed 10048K, reserved 1048576K
}
Event: 12169.614 GC heap after
{Heap after GC invocations=2202 (full 6):
 PSYoungGen      total 15360K, used 2048K [0x00000000d5580000, 0x00000000d6880000, 0x0000000100000000)
  eden space 13312K, 0% used [0x00000000d5580000,0x00000000d5580000,0x00000000d6280000)
  from space 2048K, 100% used [0x00000000d6280000,0x00000000d6480000,0x00000000d6480000)
  to   space 3072K, 0% used [0x00000000d6580000,0x00000000d6580000,0x00000000d6880000)
 ParOldGen       total 1250304K, used 1250066K [0x0000000080000000, 0x00000000cc500000, 0x00000000d5580000)
  object space 1250304K, 99% used [0x0000000080000000,0x00000000cc4c48e8,0x00000000cc500000)
 Metaspace       used 90470K, committed 92416K, reserved 1179648K
  class space    used 9128K, committed 10048K, reserved 1048576K
}
Event: 12169.749 GC heap before
{Heap before GC invocations=2203 (full 6):
 PSYoungGen      total 15360K, used 15360K [0x00000000d5580000, 0x00000000d6880000, 0x0000000100000000)
  eden space 13312K, 100% used [0x00000000d5580000,0x00000000d6280000,0x00000000d6280000)
  from space 2048K, 100% used [0x00000000d6280000,0x00000000d6480000,0x00000000d6480000)
  to   space 3072K, 0% used [0x00000000d6580000,0x00000000d6580000,0x00000000d6880000)
 ParOldGen       total 1250304K, used 1250066K [0x0000000080000000, 0x00000000cc500000, 0x00000000d5580000)
  object space 1250304K, 99% used [0x0000000080000000,0x00000000cc4c48e8,0x00000000cc500000)
 Metaspace       used 90481K, committed 92416K, reserved 1179648K
  class space    used 9129K, committed 10048K, reserved 1048576K
}
Event: 12169.754 GC heap after
{Heap after GC invocations=2203 (full 6):
 PSYoungGen      total 14848K, used 1248K [0x00000000d5580000, 0x00000000d6700000, 0x0000000100000000)
  eden space 13312K, 0% used [0x00000000d5580000,0x00000000d5580000,0x00000000d6280000)
  from space 1536K, 81% used [0x00000000d6580000,0x00000000d66b8000,0x00000000d6700000)
  to   space 2048K, 0% used [0x00000000d6300000,0x00000000d6300000,0x00000000d6500000)
 ParOldGen       total 1252352K, used 1252048K [0x0000000080000000, 0x00000000cc700000, 0x00000000d5580000)
  object space 1252352K, 99% used [0x0000000080000000,0x00000000cc6b4380,0x00000000cc700000)
 Metaspace       used 90481K, committed 92416K, reserved 1179648K
  class space    used 9129K, committed 10048K, reserved 1048576K
}
Event: 12169.850 GC heap before
{Heap before GC invocations=2204 (full 6):
 PSYoungGen      total 14848K, used 14560K [0x00000000d5580000, 0x00000000d6700000, 0x0000000100000000)
  eden space 13312K, 100% used [0x00000000d5580000,0x00000000d6280000,0x00000000d6280000)
  from space 1536K, 81% used [0x00000000d6580000,0x00000000d66b8000,0x00000000d6700000)
  to   space 2048K, 0% used [0x00000000d6300000,0x00000000d6300000,0x00000000d6500000)
 ParOldGen       total 1252352K, used 1252048K [0x0000000080000000, 0x00000000cc700000, 0x00000000d5580000)
  object space 1252352K, 99% used [0x0000000080000000,0x00000000cc6b4380,0x00000000cc700000)
 Metaspace       used 90481K, committed 92416K, reserved 1179648K
  class space    used 9129K, committed 10048K, reserved 1048576K
}
Event: 12169.853 GC heap after
{Heap after GC invocations=2204 (full 6):
 PSYoungGen      total 14848K, used 1344K [0x00000000d5580000, 0x00000000d6600000, 0x0000000100000000)
  eden space 13312K, 0% used [0x00000000d5580000,0x00000000d5580000,0x00000000d6280000)
  from space 1536K, 87% used [0x00000000d6300000,0x00000000d6450000,0x00000000d6480000)
  to   space 1536K, 0% used [0x00000000d6480000,0x00000000d6480000,0x00000000d6600000)
 ParOldGen       total 1253376K, used 1253040K [0x0000000080000000, 0x00000000cc800000, 0x00000000d5580000)
  object space 1253376K, 99% used [0x0000000080000000,0x00000000cc7ac0b8,0x00000000cc800000)
 Metaspace       used 90481K, committed 92416K, reserved 1179648K
  class space    used 9129K, committed 10048K, reserved 1048576K
}
Event: 12171.654 GC heap before
{Heap before GC invocations=2205 (full 6):
 PSYoungGen      total 14848K, used 14656K [0x00000000d5580000, 0x00000000d6600000, 0x0000000100000000)
  eden space 13312K, 100% used [0x00000000d5580000,0x00000000d6280000,0x00000000d6280000)
  from space 1536K, 87% used [0x00000000d6300000,0x00000000d6450000,0x00000000d6480000)
  to   space 1536K, 0% used [0x00000000d6480000,0x00000000d6480000,0x00000000d6600000)
 ParOldGen       total 1253376K, used 1253040K [0x0000000080000000, 0x00000000cc800000, 0x00000000d5580000)
  object space 1253376K, 99% used [0x0000000080000000,0x00000000cc7ac0b8,0x00000000cc800000)
 Metaspace       used 90484K, committed 92416K, reserved 1179648K
  class space    used 9129K, committed 10048K, reserved 1048576K
}
Event: 12171.659 GC heap after
{Heap after GC invocations=2205 (full 6):
 PSYoungGen      total 13824K, used 1504K [0x00000000d5580000, 0x00000000d6880000, 0x0000000100000000)
  eden space 12288K, 0% used [0x00000000d5580000,0x00000000d5580000,0x00000000d6180000)
  from space 1536K, 97% used [0x00000000d6480000,0x00000000d65f8010,0x00000000d6600000)
  to   space 3072K, 0% used [0x00000000d6180000,0x00000000d6180000,0x00000000d6480000)
 ParOldGen       total 1254400K, used 1254064K [0x0000000080000000, 0x00000000cc900000, 0x00000000d5580000)
  object space 1254400K, 99% used [0x0000000080000000,0x00000000cc8ac0b8,0x00000000cc900000)
 Metaspace       used 90484K, committed 92416K, reserved 1179648K
  class space    used 9129K, committed 10048K, reserved 1048576K
}
Event: 12171.911 GC heap before
{Heap before GC invocations=2206 (full 6):
 PSYoungGen      total 13824K, used 13777K [0x00000000d5580000, 0x00000000d6880000, 0x0000000100000000)
  eden space 12288K, 99% used [0x00000000d5580000,0x00000000d617c608,0x00000000d6180000)
  from space 1536K, 97% used [0x00000000d6480000,0x00000000d65f8010,0x00000000d6600000)
  to   space 3072K, 0% used [0x00000000d6180000,0x00000000d6180000,0x00000000d6480000)
 ParOldGen       total 1254400K, used 1254064K [0x0000000080000000, 0x00000000cc900000, 0x00000000d5580000)
  object space 1254400K, 99% used [0x0000000080000000,0x00000000cc8ac0b8,0x00000000cc900000)
 Metaspace       used 90495K, committed 92480K, reserved 1179648K
  class space    used 9129K, committed 10048K, reserved 1048576K
}
Event: 12171.921 GC heap after
{Heap after GC invocations=2206 (full 6):
 PSYoungGen      total 14336K, used 1664K [0x00000000d5580000, 0x00000000d6580000, 0x0000000100000000)
  eden space 12288K, 0% used [0x00000000d5580000,0x00000000d5580000,0x00000000d6180000)
  from space 2048K, 81% used [0x00000000d6180000,0x00000000d6320000,0x00000000d6380000)
  to   space 2048K, 0% used [0x00000000d6380000,0x00000000d6380000,0x00000000d6580000)
 ParOldGen       total 1255424K, used 1255240K [0x0000000080000000, 0x00000000cca00000, 0x00000000d5580000)
  object space 1255424K, 99% used [0x0000000080000000,0x00000000cc9d23c8,0x00000000cca00000)
 Metaspace       used 90495K, committed 92480K, reserved 1179648K
  class space    used 9129K, committed 10048K, reserved 1048576K
}

