# JRE version: Java(TM) SE Runtime Environment (17.0.7+8) (build 17.0.7+8-LTS-224)
# Java VM: Java HotSpot(TM) 64-Bit Server VM (17.0.7+8-LTS-224, mixed mode, sharing, tiered, compressed oops, compressed class ptrs, g1 gc, windows-amd64)
GC Precious Log:
 CPUs: 12 total, 12 available
 Memory: 15591M
 Large Page Support: Disabled
 NUMA Support: Disabled
 Compressed Oops: Enabled (Zero based)
 Heap Region Size: 2M
 Heap Min Capacity: 8M
 Heap Initial Capacity: 244M
 Heap Max Capacity: 3898M
 Pre-touch: Disabled
 Parallel Workers: 10
 Concurrent Workers: 3
 Concurrent Refinement Workers: 10
 Periodic GC: Disabled
Heap:
 garbage-first heap   total 249856K, used 109614K [0x000000070c600000, 0x0000000800000000)
  region size 2048K, 31 young (63488K), 1 survivors (2048K)
 Metaspace       used 19155K, committed 19520K, reserved 1073152K
  class space    used 2118K, committed 2304K, reserved 1048576K
GC Heap History (8 events):
Event: 0.969 GC heap before
{Heap before GC invocations=0 (full 0):
 garbage-first heap   total 249856K, used 22528K [0x000000070c600000, 0x0000000800000000)
  region size 2048K, 11 young (22528K), 0 survivors (0K)
 Metaspace       used 5145K, committed 5312K, reserved 1056768K
  class space    used 617K, committed 704K, reserved 1048576K
}
Event: 0.974 GC heap after
{Heap after GC invocations=1 (full 0):
 garbage-first heap   total 249856K, used 3728K [0x000000070c600000, 0x0000000800000000)
  region size 2048K, 2 young (4096K), 2 survivors (4096K)
 Metaspace       used 5145K, committed 5312K, reserved 1056768K
  class space    used 617K, committed 704K, reserved 1048576K
}
Event: 1.852 GC heap before
{Heap before GC invocations=1 (full 0):
 garbage-first heap   total 249856K, used 34448K [0x000000070c600000, 0x0000000800000000)
  region size 2048K, 17 young (34816K), 2 survivors (4096K)
 Metaspace       used 10042K, committed 10240K, reserved 1064960K
  class space    used 1237K, committed 1344K, reserved 1048576K
}
Event: 1.857 GC heap after
{Heap after GC invocations=2 (full 0):
 garbage-first heap   total 249856K, used 5597K [0x000000070c600000, 0x0000000800000000)
  region size 2048K, 2 young (4096K), 2 survivors (4096K)
 Metaspace       used 10042K, committed 10240K, reserved 1064960K
  class space    used 1237K, committed 1344K, reserved 1048576K
}
Event: 4.450 GC heap before
{Heap before GC invocations=2 (full 0):
 garbage-first heap   total 249856K, used 151005K [0x000000070c600000, 0x0000000800000000)
  region size 2048K, 73 young (149504K), 2 survivors (4096K)
 Metaspace       used 16232K, committed 16512K, reserved 1064960K
  class space    used 1862K, committed 1984K, reserved 1048576K
}
Event: 4.466 GC heap after
{Heap after GC invocations=3 (full 0):
 garbage-first heap   total 249856K, used 15892K [0x000000070c600000, 0x0000000800000000)
  region size 2048K, 7 young (14336K), 7 survivors (14336K)
 Metaspace       used 16232K, committed 16512K, reserved 1064960K
  class space    used 1862K, committed 1984K, reserved 1048576K
}
Event: 4.686 GC heap before
{Heap before GC invocations=3 (full 0):
 garbage-first heap   total 249856K, used 132628K [0x000000070c600000, 0x0000000800000000)
  region size 2048K, 13 young (26624K), 7 survivors (14336K)
 Metaspace       used 16769K, committed 16960K, reserved 1064960K
  class space    used 1905K, committed 1984K, reserved 1048576K
}
Event: 4.694 GC heap after
{Heap after GC invocations=4 (full 0):
 garbage-first heap   total 249856K, used 25646K [0x000000070c600000, 0x0000000800000000)
  region size 2048K, 1 young (2048K), 1 survivors (2048K)
 Metaspace       used 16769K, committed 16960K, reserved 1064960K
  class space    used 1905K, committed 1984K, reserved 1048576K
}

